<?xml version="1.0" encoding="UTF-8"?>
<testng-results ignored="0" total="1" passed="1" failed="0" skipped="0">
  <reporter-output>
  </reporter-output>
  <suite started-at="2024-02-22T14:19:33 IST" name="Default suite" finished-at="2024-02-22T14:19:55 IST" duration-ms="21749">
    <groups>
    </groups>
    <test started-at="2024-02-22T14:19:33 IST" name="Default test" finished-at="2024-02-22T14:19:55 IST" duration-ms="21749">
      <class name="Assignment3.Assignmentno3">
        <test-method is-config="true" signature="setup()[pri:0, instance:Assignment3.Assignmentno3@9f116cc]" started-at="2024-02-22T14:19:33 IST" name="setup" finished-at="2024-02-22T14:19:35 IST" duration-ms="1429" status="PASS">
          <reporter-output>
          </reporter-output>
        </test-method> <!-- setup -->
        <test-method is-config="true" signature="url()[pri:0, instance:Assignment3.Assignmentno3@9f116cc]" started-at="2024-02-22T14:19:35 IST" name="url" finished-at="2024-02-22T14:19:36 IST" duration-ms="1270" status="PASS">
          <reporter-output>
          </reporter-output>
        </test-method> <!-- url -->
        <test-method signature="test1()[pri:0, instance:Assignment3.Assignmentno3@9f116cc]" started-at="2024-02-22T14:19:36 IST" name="test1" finished-at="2024-02-22T14:19:55 IST" duration-ms="19028" status="PASS">
          <reporter-output>
          </reporter-output>
        </test-method> <!-- test1 -->
      </class> <!-- Assignment3.Assignmentno3 -->
    </test> <!-- Default test -->
  </suite> <!-- Default suite -->
</testng-results>
